proguard/seeds.txt
com.startapp.android.eula.EULAManager
com.startapp.android.eula.EULAManager: android.content.Context context
com.startapp.android.eula.EULAManager: com.startapp.android.eula.model.SDKVersion version
com.startapp.android.eula.EULAManager: java.lang.String SHARED_PREFS_EULA_FIRST_CALL
com.startapp.android.eula.EULAManager: EULAManager(android.content.Context)
com.startapp.android.eula.EULAManager: EULAManager(android.content.Context,com.startapp.android.eula.model.SDKVersion)
com.startapp.android.eula.EULAManager: boolean acceptedEula(com.startapp.android.eula.EULAAcceptanceListener)
com.startapp.android.eula.EULAManager: boolean acceptedEula(com.startapp.android.eula.EULAAcceptanceListener,boolean)
com.startapp.android.eula.EULAManager: void registerEulaAcceptanceListener(com.startapp.android.eula.EULAAcceptanceListener)
com.startapp.android.eula.EULAManager: boolean isAccepted(android.content.Context)
com.startapp.android.eula.EULAManager: com.startapp.android.eula.EULAManager$a getEulaNextStatus()
com.startapp.android.eula.EULAManager: boolean classExists(java.lang.String)
com.startapp.android.eula.EULAManager: void setAccepted(boolean)
com.startapp.android.eula.EULAManager$1
com.startapp.android.eula.EULAManager$1: com.startapp.android.eula.EULAAcceptanceListener a
com.startapp.android.eula.EULAManager$1: com.startapp.android.eula.EULAManager b
com.startapp.android.eula.EULAManager$1: EULAManager$1(com.startapp.android.eula.EULAManager,com.startapp.android.eula.EULAAcceptanceListener)
com.startapp.android.eula.EULAManager$1: void onReceive(android.content.Context,android.content.Intent)
com.startapp.android.eula.EULAManager$a
com.startapp.android.eula.EULAManager$a: com.startapp.android.eula.EULAManager$a a
com.startapp.android.eula.EULAManager$a: com.startapp.android.eula.EULAManager$a b
com.startapp.android.eula.EULAManager$a: com.startapp.android.eula.EULAManager$a c
com.startapp.android.eula.EULAManager$a: com.startapp.android.eula.EULAManager$a[] d
com.startapp.android.eula.EULAManager$a: com.startapp.android.eula.EULAManager$a[] values()
com.startapp.android.eula.EULAManager$a: com.startapp.android.eula.EULAManager$a valueOf(java.lang.String)
com.startapp.android.eula.EULAManager$a: EULAManager$a(java.lang.String,int)
com.startapp.android.eula.EULAManager$a: void <clinit>()
com.startapp.android.eula.a
com.startapp.android.eula.a: android.content.Context a
com.startapp.android.eula.a: a(android.content.Context)
com.startapp.android.eula.a: boolean a(byte[],java.lang.String)
com.startapp.android.eula.a: void a(java.lang.String,java.lang.String)
com.startapp.android.eula.a: boolean a(com.startapp.android.eula.model.h)
com.startapp.android.eula.a.a
com.startapp.android.eula.a.a: com.startapp.android.eula.a.a a
com.startapp.android.eula.a.a: com.startapp.android.eula.a.a[] b
com.startapp.android.eula.a.a: com.startapp.android.eula.a.a[] values()
com.startapp.android.eula.a.a: com.startapp.android.eula.a.a valueOf(java.lang.String)
com.startapp.android.eula.a.a: a(java.lang.String,int)
com.startapp.android.eula.a.a: com.startapp.android.eula.model.l a(java.lang.String,java.lang.Class)
com.startapp.android.eula.a.a: java.lang.String a(com.startapp.android.eula.model.m)
com.startapp.android.eula.a.a: void <clinit>()
com.startapp.android.eula.a.b
com.startapp.android.eula.a.b: com.startapp.android.eula.model.d a(android.content.Context,java.lang.String,com.startapp.android.eula.model.c,java.util.Map,java.lang.Class)
com.startapp.android.eula.a.b: java.lang.String a(android.content.Context,java.lang.String,com.startapp.android.eula.model.c,java.util.Map)
com.startapp.android.eula.a.b: java.util.Map a(android.content.Context,java.util.Map)