proguard/mapping.txt
com.startapp.android.publish.a.d -> com.startapp.android.publish.a.d:
    void loadAd(com.startapp.android.publish.model.AdPreferences,com.startapp.android.publish.AdEventListener) -> loadAd
com.startapp.android.publish.a.e -> com.startapp.android.publish.a.e:
    void loadAd(com.startapp.android.publish.model.AdPreferences,com.startapp.android.publish.AdEventListener) -> loadAd
com.startapp.android.publish.a.f -> com.startapp.android.publish.a.f:
    void loadAd(com.startapp.android.publish.model.AdPreferences,com.startapp.android.publish.AdEventListener) -> loadAd
com.startapp.android.publish.adinformation.AdInformationJsInterface -> com.startapp.android.publish.adinformation.AdInformationJsInterface:
    boolean processed -> processed
    java.lang.Runnable declineCallback -> declineCallback
    java.lang.Runnable acceptCallback -> acceptCallback
    void decline() -> decline
    void accept() -> accept
com.startapp.android.publish.adinformation.AdInformationOverrides -> com.startapp.android.publish.adinformation.AdInformationOverrides:
    boolean a -> a
    boolean b -> b
    boolean c -> c
    com.startapp.android.publish.adinformation.c$a d -> d
    android.os.Parcelable$Creator CREATOR -> CREATOR
    com.startapp.android.publish.adinformation.AdInformationOverrides a() -> a
    boolean b() -> b
    void a(boolean) -> a
    com.startapp.android.publish.adinformation.c$a c() -> c
    void a(com.startapp.android.publish.adinformation.c$a) -> a
    boolean d() -> d
    boolean e() -> e
    int describeContents() -> describeContents
    void writeToParcel(android.os.Parcel,int) -> writeToParcel
    void a(android.os.Parcel,boolean) -> a
    boolean a(android.os.Parcel) -> a
com.startapp.android.publish.adinformation.AdInformationOverrides$1 -> com.startapp.android.publish.adinformation.AdInformationOverrides$1:
    com.startapp.android.publish.adinformation.AdInformationOverrides a(android.os.Parcel) -> a
    com.startapp.android.publish.adinformation.AdInformationOverrides[] a(int) -> a
    java.lang.Object[] newArray(int) -> newArray
    java.lang.Object createFromParcel(android.os.Parcel) -> createFromParcel
com.startapp.android.publish.adinformation.a -> com.startapp.android.publish.adinformation.a:
    boolean a -> a
    float b -> b
    java.lang.String c -> c
    com.startapp.android.publish.adinformation.f d -> d
    com.startapp.android.publish.adinformation.c e -> e
    java.util.HashMap f -> f
    com.startapp.android.publish.adinformation.a a() -> a
    com.startapp.android.publish.adinformation.a a(org.json.JSONObject) -> a
    void a(com.startapp.android.publish.adinformation.a) -> a
    boolean b() -> b
    boolean a(android.content.Context) -> a
    void a(android.content.Context,boolean) -> a
    float c() -> c
    void a(float) -> a
    void a(com.startapp.android.publish.adinformation.c) -> a
    void a(boolean) -> a
    void a(java.lang.String) -> a
    void a(com.startapp.android.publish.adinformation.f) -> a
    void a(com.startapp.android.publish.adinformation.a$a,com.startapp.android.publish.adinformation.e) -> a
    java.lang.String d() -> d
    com.startapp.android.publish.adinformation.f e() -> e
    com.startapp.android.publish.adinformation.c f() -> f
    com.startapp.android.publish.adinformation.e a(com.startapp.android.publish.adinformation.a$a) -> a
    void g() -> g
    void h() -> h
    void fromJson(org.json.JSONObject) -> fromJson
    com.startapp.android.publish.adinformation.a a(android.content.SharedPreferences) -> a
    void a(android.content.SharedPreferences$Editor) -> a